<?xml version="1.0" encoding="UTF-8"?>
<testng-results skipped="0" failed="0" total="1" passed="1">
  <reporter-output>
  </reporter-output>
  <suite name="Default suite" duration-ms="20691" started-at="2015-06-27T14:36:24Z" finished-at="2015-06-27T14:36:45Z">
    <groups>
    </groups>
    <test name="Default test" duration-ms="20691" started-at="2015-06-27T14:36:24Z" finished-at="2015-06-27T14:36:45Z">
      <class name="com.acttime.projectandcustomerTest.ProjectAndCustomerTest">
        <test-method status="PASS" signature="configBeforeClass()[pri:0, instance:com.acttime.projectandcustomerTest.ProjectAndCustomerTest@2752f6e2]" name="configBeforeClass" is-config="true" duration-ms="9820" started-at="2015-06-27T20:06:24Z" finished-at="2015-06-27T20:06:34Z">
          <reporter-output>
          </reporter-output>
        </test-method> <!-- configBeforeClass -->
        <test-method status="PASS" signature="configBeforeMtd()[pri:0, instance:com.acttime.projectandcustomerTest.ProjectAndCustomerTest@2752f6e2]" name="configBeforeMtd" is-config="true" duration-ms="5333" started-at="2015-06-27T20:06:34Z" finished-at="2015-06-27T20:06:39Z">
          <reporter-output>
          </reporter-output>
        </test-method> <!-- configBeforeMtd -->
        <test-method status="PASS" signature="createCustomerTest()[pri:0, instance:com.acttime.projectandcustomerTest.ProjectAndCustomerTest@2752f6e2]" name="createCustomerTest" duration-ms="4273" started-at="2015-06-27T20:06:39Z" finished-at="2015-06-27T20:06:43Z">
          <reporter-output>
          </reporter-output>
        </test-method> <!-- createCustomerTest -->
        <test-method status="PASS" signature="configAfterMtd()[pri:0, instance:com.acttime.projectandcustomerTest.ProjectAndCustomerTest@2752f6e2]" name="configAfterMtd" is-config="true" duration-ms="582" started-at="2015-06-27T20:06:43Z" finished-at="2015-06-27T20:06:44Z">
          <reporter-output>
          </reporter-output>
        </test-method> <!-- configAfterMtd -->
        <test-method status="PASS" signature="configAfterClass()[pri:0, instance:com.acttime.projectandcustomerTest.ProjectAndCustomerTest@2752f6e2]" name="configAfterClass" is-config="true" duration-ms="660" started-at="2015-06-27T20:06:44Z" finished-at="2015-06-27T20:06:45Z">
          <reporter-output>
          </reporter-output>
        </test-method> <!-- configAfterClass -->
      </class> <!-- com.acttime.projectandcustomerTest.ProjectAndCustomerTest -->
    </test> <!-- Default test -->
  </suite> <!-- Default suite -->
</testng-results>
